This file contains any messages produced by compilers while
running configure, to aid debugging if configure makes a mistake.

It was created by configure, which was
generated by GNU Autoconf 2.63.  Invocation command line was

  $ ./configure 

## --------- ##
## Platform. ##
## --------- ##

hostname = localhost
uname -m = i686
uname -r = 4.15.0-45-generic
uname -s = Linux
uname -v = #48~16.04.1-Ubuntu SMP Tue Jan 29 18:03:19 UTC 2019

/usr/bin/uname -p = unknown
/bin/uname -X     = unknown

/bin/arch              = unknown
/usr/bin/arch -k       = unknown
/usr/convex/getsysinfo = unknown
/usr/bin/hostinfo      = unknown
/bin/machine           = unknown
/usr/bin/oslevel       = unknown
/bin/universe          = unknown

PATH: /home/nelson/bin
PATH: /home/nelson/.local/bin
PATH: /usr/local/sbin
PATH: /usr/local/bin
PATH: /usr/sbin
PATH: /usr/bin
PATH: /sbin
PATH: /bin
PATH: /usr/games
PATH: /usr/local/games
PATH: /snap/bin


## ----------- ##
## Core tests. ##
## ----------- ##

configure:1784: checking for nasm
configure:1802: found /usr/bin/nasm
configure:1814: result: /usr/bin/nasm
configure:1921: checking for gcc
configure:1937: found /usr/bin/gcc
configure:1948: result: gcc
configure:2180: checking for C compiler version
configure:2188: gcc --version >&5
gcc (Ubuntu 5.4.0-6ubuntu1~16.04.12) 5.4.0 20160609
Copyright (C) 2015 Free Software Foundation, Inc.
This is free software; see the source for copying conditions.  There is NO
warranty; not even for MERCHANTABILITY or FITNESS FOR A PARTICULAR PURPOSE.

configure:2192: $? = 0
configure:2199: gcc -v >&5
Using built-in specs.
COLLECT_GCC=gcc
COLLECT_LTO_WRAPPER=/usr/lib/gcc/i686-linux-gnu/5/lto-wrapper
Target: i686-linux-gnu
Configured with: ../src/configure -v --with-pkgversion='Ubuntu 5.4.0-6ubuntu1~16.04.12' --with-bugurl=file:///usr/share/doc/gcc-5/README.Bugs --enable-languages=c,ada,c++,java,go,d,fortran,objc,obj-c++ --prefix=/usr --program-suffix=-5 --enable-shared --enable-linker-build-id --libexecdir=/usr/lib --without-included-gettext --enable-threads=posix --libdir=/usr/lib --enable-nls --with-sysroot=/ --enable-clocale=gnu --enable-libstdcxx-debug --enable-libstdcxx-time=yes --with-default-libstdcxx-abi=new --enable-gnu-unique-object --disable-vtable-verify --enable-libmpx --enable-plugin --with-system-zlib --disable-browser-plugin --enable-java-awt=gtk --enable-gtk-cairo --with-java-home=/usr/lib/jvm/java-1.5.0-gcj-5-i386/jre --enable-java-home --with-jvm-root-dir=/usr/lib/jvm/java-1.5.0-gcj-5-i386 --with-jvm-jar-dir=/usr/lib/jvm-exports/java-1.5.0-gcj-5-i386 --with-arch-directory=i386 --with-ecj-jar=/usr/share/java/eclipse-ecj.jar --enable-objc-gc --enable-targets=all --enable-multiarch --disable-werror --with-arch-32=i686 --with-multilib-list=m32,m64,mx32 --enable-multilib --with-tune=generic --enable-checking=release --build=i686-linux-gnu --host=i686-linux-gnu --target=i686-linux-gnu
Thread model: posix
gcc version 5.4.0 20160609 (Ubuntu 5.4.0-6ubuntu1~16.04.12) 
configure:2203: $? = 0
configure:2210: gcc -V >&5
gcc: error: unrecognized command line option '-V'
gcc: fatal error: no input files
compilation terminated.
configure:2214: $? = 1
configure:2237: checking for C compiler default output file name
configure:2259: gcc    conftest.c  >&5
configure:2263: $? = 0
configure:2301: result: a.out
configure:2320: checking whether the C compiler works
configure:2330: ./a.out
configure:2334: $? = 0
configure:2353: result: yes
configure:2360: checking whether we are cross compiling
configure:2362: result: no
configure:2365: checking for suffix of executables
configure:2372: gcc -o conftest    conftest.c  >&5
configure:2376: $? = 0
configure:2402: result: 
configure:2408: checking for suffix of object files
configure:2434: gcc -c   conftest.c >&5
configure:2438: $? = 0
configure:2463: result: o
configure:2467: checking whether we are using the GNU C compiler
configure:2496: gcc -c   conftest.c >&5
configure:2503: $? = 0
configure:2520: result: yes
configure:2529: checking whether gcc accepts -g
configure:2559: gcc -c -g  conftest.c >&5
configure:2566: $? = 0
configure:2667: result: yes
configure:2684: checking for gcc option to accept ISO C89
configure:2758: gcc  -c -g -O2  conftest.c >&5
configure:2765: $? = 0
configure:2788: result: none needed
configure:2812: checking how to run the C preprocessor
configure:2852: gcc -E  conftest.c
configure:2859: $? = 0
configure:2890: gcc -E  conftest.c
conftest.c:8:28: fatal error: ac_nonexistent.h: No such file or directory
compilation terminated.
configure:2897: $? = 1
configure: failed program was:
| /* confdefs.h.  */
| #define PACKAGE_NAME ""
| #define PACKAGE_TARNAME ""
| #define PACKAGE_VERSION ""
| #define PACKAGE_STRING ""
| #define PACKAGE_BUGREPORT ""
| /* end confdefs.h.  */
| #include <ac_nonexistent.h>
configure:2930: result: gcc -E
configure:2959: gcc -E  conftest.c
configure:2966: $? = 0
configure:2997: gcc -E  conftest.c
conftest.c:8:28: fatal error: ac_nonexistent.h: No such file or directory
compilation terminated.
configure:3004: $? = 1
configure: failed program was:
| /* confdefs.h.  */
| #define PACKAGE_NAME ""
| #define PACKAGE_TARNAME ""
| #define PACKAGE_VERSION ""
| #define PACKAGE_STRING ""
| #define PACKAGE_BUGREPORT ""
| /* end confdefs.h.  */
| #include <ac_nonexistent.h>
configure:3044: checking for grep that handles long lines and -e
configure:3104: result: /bin/grep
configure:3109: checking for egrep
configure:3173: result: /bin/grep -E
configure:3178: checking for ANSI C header files
configure:3208: gcc -c -g -O2  conftest.c >&5
configure:3215: $? = 0
configure:3314: gcc -o conftest -g -O2   conftest.c  >&5
configure:3318: $? = 0
configure:3324: ./conftest
configure:3328: $? = 0
configure:3346: result: yes
configure:3370: checking for sys/types.h
configure:3391: gcc -c -g -O2  conftest.c >&5
configure:3398: $? = 0
configure:3415: result: yes
configure:3370: checking for sys/stat.h
configure:3391: gcc -c -g -O2  conftest.c >&5
configure:3398: $? = 0
configure:3415: result: yes
configure:3370: checking for stdlib.h
configure:3391: gcc -c -g -O2  conftest.c >&5
configure:3398: $? = 0
configure:3415: result: yes
configure:3370: checking for string.h
configure:3391: gcc -c -g -O2  conftest.c >&5
configure:3398: $? = 0
configure:3415: result: yes
configure:3370: checking for memory.h
configure:3391: gcc -c -g -O2  conftest.c >&5
configure:3398: $? = 0
configure:3415: result: yes
configure:3370: checking for strings.h
configure:3391: gcc -c -g -O2  conftest.c >&5
configure:3398: $? = 0
configure:3415: result: yes
configure:3370: checking for inttypes.h
configure:3391: gcc -c -g -O2  conftest.c >&5
configure:3398: $? = 0
configure:3415: result: yes
configure:3370: checking for stdint.h
configure:3391: gcc -c -g -O2  conftest.c >&5
configure:3398: $? = 0
configure:3415: result: yes
configure:3370: checking for unistd.h
configure:3391: gcc -c -g -O2  conftest.c >&5
configure:3398: $? = 0
configure:3415: result: yes
configure:3440: checking minix/config.h usability
configure:3457: gcc -c -g -O2  conftest.c >&5
conftest.c:51:26: fatal error: minix/config.h: No such file or directory
compilation terminated.
configure:3464: $? = 1
configure: failed program was:
| /* confdefs.h.  */
| #define PACKAGE_NAME ""
| #define PACKAGE_TARNAME ""
| #define PACKAGE_VERSION ""
| #define PACKAGE_STRING ""
| #define PACKAGE_BUGREPORT ""
| #define STDC_HEADERS 1
| #define HAVE_SYS_TYPES_H 1
| #define HAVE_SYS_STAT_H 1
| #define HAVE_STDLIB_H 1
| #define HAVE_STRING_H 1
| #define HAVE_MEMORY_H 1
| #define HAVE_STRINGS_H 1
| #define HAVE_INTTYPES_H 1
| #define HAVE_STDINT_H 1
| #define HAVE_UNISTD_H 1
| /* end confdefs.h.  */
| #include <stdio.h>
| #ifdef HAVE_SYS_TYPES_H
| # include <sys/types.h>
| #endif
| #ifdef HAVE_SYS_STAT_H
| # include <sys/stat.h>
| #endif
| #ifdef STDC_HEADERS
| # include <stdlib.h>
| # include <stddef.h>
| #else
| # ifdef HAVE_STDLIB_H
| #  include <stdlib.h>
| # endif
| #endif
| #ifdef HAVE_STRING_H
| # if !defined STDC_HEADERS && defined HAVE_MEMORY_H
| #  include <memory.h>
| # endif
| # include <string.h>
| #endif
| #ifdef HAVE_STRINGS_H
| # include <strings.h>
| #endif
| #ifdef HAVE_INTTYPES_H
| # include <inttypes.h>
| #endif
| #ifdef HAVE_STDINT_H
| # include <stdint.h>
| #endif
| #ifdef HAVE_UNISTD_H
| # include <unistd.h>
| #endif
| #include <minix/config.h>
configure:3478: result: no
configure:3482: checking minix/config.h presence
configure:3497: gcc -E  conftest.c
conftest.c:18:26: fatal error: minix/config.h: No such file or directory
compilation terminated.
configure:3504: $? = 1
configure: failed program was:
| /* confdefs.h.  */
| #define PACKAGE_NAME ""
| #define PACKAGE_TARNAME ""
| #define PACKAGE_VERSION ""
| #define PACKAGE_STRING ""
| #define PACKAGE_BUGREPORT ""
| #define STDC_HEADERS 1
| #define HAVE_SYS_TYPES_H 1
| #define HAVE_SYS_STAT_H 1
| #define HAVE_STDLIB_H 1
| #define HAVE_STRING_H 1
| #define HAVE_MEMORY_H 1
| #define HAVE_STRINGS_H 1
| #define HAVE_INTTYPES_H 1
| #define HAVE_STDINT_H 1
| #define HAVE_UNISTD_H 1
| /* end confdefs.h.  */
| #include <minix/config.h>
configure:3518: result: no
configure:3546: checking for minix/config.h
configure:3553: result: no
configure:3584: checking whether it is safe to define __EXTENSIONS__
configure:3612: gcc -c -g -O2  conftest.c >&5
configure:3619: $? = 0
configure:3634: result: yes
configure:3706: checking for gcc
configure:3733: result: gcc
configure:3965: checking for C compiler version
configure:3973: gcc --version >&5
gcc (Ubuntu 5.4.0-6ubuntu1~16.04.12) 5.4.0 20160609
Copyright (C) 2015 Free Software Foundation, Inc.
This is free software; see the source for copying conditions.  There is NO
warranty; not even for MERCHANTABILITY or FITNESS FOR A PARTICULAR PURPOSE.

configure:3977: $? = 0
configure:3984: gcc -v >&5
Using built-in specs.
COLLECT_GCC=gcc
COLLECT_LTO_WRAPPER=/usr/lib/gcc/i686-linux-gnu/5/lto-wrapper
Target: i686-linux-gnu
Configured with: ../src/configure -v --with-pkgversion='Ubuntu 5.4.0-6ubuntu1~16.04.12' --with-bugurl=file:///usr/share/doc/gcc-5/README.Bugs --enable-languages=c,ada,c++,java,go,d,fortran,objc,obj-c++ --prefix=/usr --program-suffix=-5 --enable-shared --enable-linker-build-id --libexecdir=/usr/lib --without-included-gettext --enable-threads=posix --libdir=/usr/lib --enable-nls --with-sysroot=/ --enable-clocale=gnu --enable-libstdcxx-debug --enable-libstdcxx-time=yes --with-default-libstdcxx-abi=new --enable-gnu-unique-object --disable-vtable-verify --enable-libmpx --enable-plugin --with-system-zlib --disable-browser-plugin --enable-java-awt=gtk --enable-gtk-cairo --with-java-home=/usr/lib/jvm/java-1.5.0-gcj-5-i386/jre --enable-java-home --with-jvm-root-dir=/usr/lib/jvm/java-1.5.0-gcj-5-i386 --with-jvm-jar-dir=/usr/lib/jvm-exports/java-1.5.0-gcj-5-i386 --with-arch-directory=i386 --with-ecj-jar=/usr/share/java/eclipse-ecj.jar --enable-objc-gc --enable-targets=all --enable-multiarch --disable-werror --with-arch-32=i686 --with-multilib-list=m32,m64,mx32 --enable-multilib --with-tune=generic --enable-checking=release --build=i686-linux-gnu --host=i686-linux-gnu --target=i686-linux-gnu
Thread model: posix
gcc version 5.4.0 20160609 (Ubuntu 5.4.0-6ubuntu1~16.04.12) 
configure:3988: $? = 0
configure:3995: gcc -V >&5
gcc: error: unrecognized command line option '-V'
gcc: fatal error: no input files
compilation terminated.
configure:3999: $? = 1
configure:4002: checking whether we are using the GNU C compiler
configure:4055: result: yes
configure:4064: checking whether gcc accepts -g
configure:4202: result: yes
configure:4219: checking for gcc option to accept ISO C89
configure:4323: result: none needed
configure:4341: checking whether ln -s works
configure:4345: result: yes
configure:4352: checking whether make sets $(MAKE)
configure:4374: result: yes
configure:4474: checking for a BSD-compatible install
configure:4542: result: /usr/bin/install -c
configure:4554: checking if gcc accepts -W
configure:4579: gcc -o conftest -g -O2 -W   conftest.c  >&5
configure:4586: $? = 0
configure:4594: result: yes
configure:4608: checking if gcc accepts -Wall
configure:4633: gcc -o conftest -g -O2 -W -Wall   conftest.c  >&5
configure:4640: $? = 0
configure:4648: result: yes
configure:4662: checking if gcc accepts -std=c99
configure:4687: gcc -o conftest -g -O2 -W -Wall -std=c99   conftest.c  >&5
configure:4694: $? = 0
configure:4702: result: yes
configure:4716: checking if gcc accepts -pedantic
configure:4741: gcc -o conftest -g -O2 -W -Wall -std=c99 -pedantic   conftest.c  >&5
configure:4748: $? = 0
configure:4756: result: yes
configure:4775: checking for nroff
configure:4791: found /usr/bin/nroff
configure:4802: result: nroff
configure:4818: checking for acrodist
configure:4848: result: no
configure:4861: checking for ps2pdf
configure:4877: found /usr/bin/ps2pdf
configure:4888: result: ps2pdf
configure:4904: checking for pstopdf
configure:4934: result: no
configure:4944: checking for ANSI C header files
configure:5112: result: yes
configure:5144: checking limits.h usability
configure:5161: gcc -c -g -O2 -W -Wall -std=c99 -pedantic  conftest.c >&5
configure:5168: $? = 0
configure:5182: result: yes
configure:5186: checking limits.h presence
configure:5201: gcc -E  conftest.c
configure:5208: $? = 0
configure:5222: result: yes
configure:5250: checking for limits.h
configure:5259: result: yes
configure:5285: checking for inttypes.h
configure:5292: result: yes
configure:5434: checking for strings.h
configure:5441: result: yes
configure:5592: checking stdbool.h usability
configure:5609: gcc -c -g -O2 -W -Wall -std=c99 -pedantic  conftest.c >&5
configure:5616: $? = 0
configure:5630: result: yes
configure:5634: checking stdbool.h presence
configure:5649: gcc -E  conftest.c
configure:5656: $? = 0
configure:5670: result: yes
configure:5698: checking for stdbool.h
configure:5707: result: yes
configure:5723: checking for an ANSI C-conforming const
configure:5798: gcc -c -g -O2 -W -Wall -std=c99 -pedantic  conftest.c >&5
conftest.c: In function 'main':
conftest.c:57:7: warning: 't' is used uninitialized in this function [-Wuninitialized]
     *t++ = 0;
       ^
conftest.c:79:13: warning: 'cs[0]' is used uninitialized in this function [-Wuninitialized]
   return !cs[0] && !zero.x;
             ^
configure:5805: $? = 0
configure:5820: result: yes
configure:5830: checking for inline
configure:5856: gcc -c -g -O2 -W -Wall -std=c99 -pedantic  conftest.c >&5
configure:5863: $? = 0
configure:5881: result: inline
configure:5900: checking for C/C++ restrict keyword
configure:5935: gcc -c -g -O2 -W -Wall -std=c99 -pedantic  conftest.c >&5
configure:5942: $? = 0
configure:5960: result: __restrict
configure:5976: checking for size_t
configure:6004: gcc -c -g -O2 -W -Wall -std=c99 -pedantic  conftest.c >&5
configure:6011: $? = 0
configure:6038: gcc -c -g -O2 -W -Wall -std=c99 -pedantic  conftest.c >&5
conftest.c: In function 'main':
conftest.c:65:21: error: expected expression before ')' token
 if (sizeof ((size_t)))
                     ^
configure:6045: $? = 1
configure: failed program was:
| /* confdefs.h.  */
| #define PACKAGE_NAME ""
| #define PACKAGE_TARNAME ""
| #define PACKAGE_VERSION ""
| #define PACKAGE_STRING ""
| #define PACKAGE_BUGREPORT ""
| #define STDC_HEADERS 1
| #define HAVE_SYS_TYPES_H 1
| #define HAVE_SYS_STAT_H 1
| #define HAVE_STDLIB_H 1
| #define HAVE_STRING_H 1
| #define HAVE_MEMORY_H 1
| #define HAVE_STRINGS_H 1
| #define HAVE_INTTYPES_H 1
| #define HAVE_STDINT_H 1
| #define HAVE_UNISTD_H 1
| #define __EXTENSIONS__ 1
| #define _ALL_SOURCE 1
| #define _GNU_SOURCE 1
| #define _POSIX_PTHREAD_SEMANTICS 1
| #define _TANDEM_SOURCE 1
| #define STDC_HEADERS 1
| #define HAVE_LIMITS_H 1
| #define HAVE_INTTYPES_H 1
| #define HAVE_STRINGS_H 1
| #define HAVE_STDBOOL_H 1
| #define restrict __restrict
| /* end confdefs.h.  */
| #include <stdio.h>
| #ifdef HAVE_SYS_TYPES_H
| # include <sys/types.h>
| #endif
| #ifdef HAVE_SYS_STAT_H
| # include <sys/stat.h>
| #endif
| #ifdef STDC_HEADERS
| # include <stdlib.h>
| # include <stddef.h>
| #else
| # ifdef HAVE_STDLIB_H
| #  include <stdlib.h>
| # endif
| #endif
| #ifdef HAVE_STRING_H
| # if !defined STDC_HEADERS && defined HAVE_MEMORY_H
| #  include <memory.h>
| # endif
| # include <string.h>
| #endif
| #ifdef HAVE_STRINGS_H
| # include <strings.h>
| #endif
| #ifdef HAVE_INTTYPES_H
| # include <inttypes.h>
| #endif
| #ifdef HAVE_STDINT_H
| # include <stdint.h>
| #endif
| #ifdef HAVE_UNISTD_H
| # include <unistd.h>
| #endif
| int
| main ()
| {
| if (sizeof ((size_t)))
| 	  return 0;
|   ;
|   return 0;
| }
configure:6068: result: yes
configure:6080: checking if gcc has a working bool type
configure:6099: gcc -c -g -O2 -W -Wall -std=c99 -pedantic  conftest.c >&5
configure:6106: $? = 0
configure:6111: result: yes
configure:6129: checking whether byte ordering is bigendian
configure:6154: gcc -c -g -O2 -W -Wall -std=c99 -pedantic  conftest.c >&5
conftest.c:31:9: error: unknown type name 'not'
         not a universal capable compiler
         ^
conftest.c:31:15: error: expected '=', ',', ';', 'asm' or '__attribute__' before 'universal'
         not a universal capable compiler
               ^
conftest.c:31:15: error: unknown type name 'universal'
configure:6161: $? = 1
configure: failed program was:
| /* confdefs.h.  */
| #define PACKAGE_NAME ""
| #define PACKAGE_TARNAME ""
| #define PACKAGE_VERSION ""
| #define PACKAGE_STRING ""
| #define PACKAGE_BUGREPORT ""
| #define STDC_HEADERS 1
| #define HAVE_SYS_TYPES_H 1
| #define HAVE_SYS_STAT_H 1
| #define HAVE_STDLIB_H 1
| #define HAVE_STRING_H 1
| #define HAVE_MEMORY_H 1
| #define HAVE_STRINGS_H 1
| #define HAVE_INTTYPES_H 1
| #define HAVE_STDINT_H 1
| #define HAVE_UNISTD_H 1
| #define __EXTENSIONS__ 1
| #define _ALL_SOURCE 1
| #define _GNU_SOURCE 1
| #define _POSIX_PTHREAD_SEMANTICS 1
| #define _TANDEM_SOURCE 1
| #define STDC_HEADERS 1
| #define HAVE_LIMITS_H 1
| #define HAVE_INTTYPES_H 1
| #define HAVE_STRINGS_H 1
| #define HAVE_STDBOOL_H 1
| #define restrict __restrict
| #define HAVE_WORKING_BOOL 1
| /* end confdefs.h.  */
| #ifndef __APPLE_CC__
| 	       not a universal capable compiler
| 	     #endif
| 	     typedef int dummy;
| 
configure:6211: gcc -c -g -O2 -W -Wall -std=c99 -pedantic  conftest.c >&5
configure:6218: $? = 0
configure:6250: gcc -c -g -O2 -W -Wall -std=c99 -pedantic  conftest.c >&5
conftest.c: In function 'main':
conftest.c:37:4: error: unknown type name 'not'
    not big endian
    ^
conftest.c:37:12: error: expected '=', ',', ';', 'asm' or '__attribute__' before 'endian'
    not big endian
            ^
configure:6257: $? = 1
configure: failed program was:
| /* confdefs.h.  */
| #define PACKAGE_NAME ""
| #define PACKAGE_TARNAME ""
| #define PACKAGE_VERSION ""
| #define PACKAGE_STRING ""
| #define PACKAGE_BUGREPORT ""
| #define STDC_HEADERS 1
| #define HAVE_SYS_TYPES_H 1
| #define HAVE_SYS_STAT_H 1
| #define HAVE_STDLIB_H 1
| #define HAVE_STRING_H 1
| #define HAVE_MEMORY_H 1
| #define HAVE_STRINGS_H 1
| #define HAVE_INTTYPES_H 1
| #define HAVE_STDINT_H 1
| #define HAVE_UNISTD_H 1
| #define __EXTENSIONS__ 1
| #define _ALL_SOURCE 1
| #define _GNU_SOURCE 1
| #define _POSIX_PTHREAD_SEMANTICS 1
| #define _TANDEM_SOURCE 1
| #define STDC_HEADERS 1
| #define HAVE_LIMITS_H 1
| #define HAVE_INTTYPES_H 1
| #define HAVE_STRINGS_H 1
| #define HAVE_STDBOOL_H 1
| #define restrict __restrict
| #define HAVE_WORKING_BOOL 1
| /* end confdefs.h.  */
| #include <sys/types.h>
| 		#include <sys/param.h>
| 
| int
| main ()
| {
| #if BYTE_ORDER != BIG_ENDIAN
| 		 not big endian
| 		#endif
| 
|   ;
|   return 0;
| }
configure:6509: result: no
configure:6548: checking for strcspn
configure:6604: gcc -o conftest -g -O2 -W -Wall -std=c99 -pedantic   conftest.c  >&5
conftest.c:54:6: warning: conflicting types for built-in function 'strcspn'
 char strcspn ();
      ^
configure:6611: $? = 0
configure:6633: result: yes
configure:6654: checking for strspn
configure:6710: gcc -o conftest -g -O2 -W -Wall -std=c99 -pedantic   conftest.c  >&5
conftest.c:55:6: warning: conflicting types for built-in function 'strspn'
 char strspn ();
      ^
configure:6717: $? = 0
configure:6739: result: yes
configure:6762: checking for vsnprintf
configure:6818: gcc -o conftest -g -O2 -W -Wall -std=c99 -pedantic   conftest.c  >&5
conftest.c:56:6: warning: conflicting types for built-in function 'vsnprintf'
 char vsnprintf ();
      ^
configure:6825: $? = 0
configure:6847: result: yes
configure:6762: checking for _vsnprintf
configure:6818: gcc -o conftest -g -O2 -W -Wall -std=c99 -pedantic   conftest.c  >&5
/tmp/cc8Owezo.o: In function `main':
/home/nelson/Desktop/nasm/nasm-2.07/conftest.c:68: undefined reference to `_vsnprintf'
collect2: error: ld returned 1 exit status
configure:6825: $? = 1
configure: failed program was:
| /* confdefs.h.  */
| #define PACKAGE_NAME ""
| #define PACKAGE_TARNAME ""
| #define PACKAGE_VERSION ""
| #define PACKAGE_STRING ""
| #define PACKAGE_BUGREPORT ""
| #define STDC_HEADERS 1
| #define HAVE_SYS_TYPES_H 1
| #define HAVE_SYS_STAT_H 1
| #define HAVE_STDLIB_H 1
| #define HAVE_STRING_H 1
| #define HAVE_MEMORY_H 1
| #define HAVE_STRINGS_H 1
| #define HAVE_INTTYPES_H 1
| #define HAVE_STDINT_H 1
| #define HAVE_UNISTD_H 1
| #define __EXTENSIONS__ 1
| #define _ALL_SOURCE 1
| #define _GNU_SOURCE 1
| #define _POSIX_PTHREAD_SEMANTICS 1
| #define _TANDEM_SOURCE 1
| #define STDC_HEADERS 1
| #define HAVE_LIMITS_H 1
| #define HAVE_INTTYPES_H 1
| #define HAVE_STRINGS_H 1
| #define HAVE_STDBOOL_H 1
| #define restrict __restrict
| #define HAVE_WORKING_BOOL 1
| #define WORDS_LITTLEENDIAN 1
| #define HAVE_STRCSPN 1
| #define HAVE_STRSPN 1
| #define HAVE_VSNPRINTF 1
| /* end confdefs.h.  */
| /* Define _vsnprintf to an innocuous variant, in case <limits.h> declares _vsnprintf.
|    For example, HP-UX 11i <limits.h> declares gettimeofday.  */
| #define _vsnprintf innocuous__vsnprintf
| 
| /* System header to define __stub macros and hopefully few prototypes,
|     which can conflict with char _vsnprintf (); below.
|     Prefer <limits.h> to <assert.h> if __STDC__ is defined, since
|     <limits.h> exists even on freestanding compilers.  */
| 
| #ifdef __STDC__
| # include <limits.h>
| #else
| # include <assert.h>
| #endif
| 
| #undef _vsnprintf
| 
| /* Override any GCC internal prototype to avoid an error.
|    Use char because int might match the return type of a GCC
|    builtin and then its argument prototype would still apply.  */
| #ifdef __cplusplus
| extern "C"
| #endif
| char _vsnprintf ();
| /* The GNU C library defines this for functions which it implements
|     to always fail with ENOSYS.  Some functions are actually named
|     something starting with __ and the normal name is an alias.  */
| #if defined __stub__vsnprintf || defined __stub____vsnprintf
| choke me
| #endif
| 
| int
| main ()
| {
| return _vsnprintf ();
|   ;
|   return 0;
| }
configure:6847: result: no
configure:6869: checking for snprintf
configure:6925: gcc -o conftest -g -O2 -W -Wall -std=c99 -pedantic   conftest.c  >&5
conftest.c:57:6: warning: conflicting types for built-in function 'snprintf'
 char snprintf ();
      ^
configure:6932: $? = 0
configure:6954: result: yes
configure:6869: checking for _snprintf
configure:6925: gcc -o conftest -g -O2 -W -Wall -std=c99 -pedantic   conftest.c  >&5
/tmp/ccmn5wby.o: In function `main':
/home/nelson/Desktop/nasm/nasm-2.07/conftest.c:69: undefined reference to `_snprintf'
collect2: error: ld returned 1 exit status
configure:6932: $? = 1
configure: failed program was:
| /* confdefs.h.  */
| #define PACKAGE_NAME ""
| #define PACKAGE_TARNAME ""
| #define PACKAGE_VERSION ""
| #define PACKAGE_STRING ""
| #define PACKAGE_BUGREPORT ""
| #define STDC_HEADERS 1
| #define HAVE_SYS_TYPES_H 1
| #define HAVE_SYS_STAT_H 1
| #define HAVE_STDLIB_H 1
| #define HAVE_STRING_H 1
| #define HAVE_MEMORY_H 1
| #define HAVE_STRINGS_H 1
| #define HAVE_INTTYPES_H 1
| #define HAVE_STDINT_H 1
| #define HAVE_UNISTD_H 1
| #define __EXTENSIONS__ 1
| #define _ALL_SOURCE 1
| #define _GNU_SOURCE 1
| #define _POSIX_PTHREAD_SEMANTICS 1
| #define _TANDEM_SOURCE 1
| #define STDC_HEADERS 1
| #define HAVE_LIMITS_H 1
| #define HAVE_INTTYPES_H 1
| #define HAVE_STRINGS_H 1
| #define HAVE_STDBOOL_H 1
| #define restrict __restrict
| #define HAVE_WORKING_BOOL 1
| #define WORDS_LITTLEENDIAN 1
| #define HAVE_STRCSPN 1
| #define HAVE_STRSPN 1
| #define HAVE_VSNPRINTF 1
| #define HAVE_SNPRINTF 1
| /* end confdefs.h.  */
| /* Define _snprintf to an innocuous variant, in case <limits.h> declares _snprintf.
|    For example, HP-UX 11i <limits.h> declares gettimeofday.  */
| #define _snprintf innocuous__snprintf
| 
| /* System header to define __stub macros and hopefully few prototypes,
|     which can conflict with char _snprintf (); below.
|     Prefer <limits.h> to <assert.h> if __STDC__ is defined, since
|     <limits.h> exists even on freestanding compilers.  */
| 
| #ifdef __STDC__
| # include <limits.h>
| #else
| # include <assert.h>
| #endif
| 
| #undef _snprintf
| 
| /* Override any GCC internal prototype to avoid an error.
|    Use char because int might match the return type of a GCC
|    builtin and then its argument prototype would still apply.  */
| #ifdef __cplusplus
| extern "C"
| #endif
| char _snprintf ();
| /* The GNU C library defines this for functions which it implements
|     to always fail with ENOSYS.  Some functions are actually named
|     something starting with __ and the normal name is an alias.  */
| #if defined __stub__snprintf || defined __stub____snprintf
| choke me
| #endif
| 
| int
| main ()
| {
| return _snprintf ();
|   ;
|   return 0;
| }
configure:6954: result: no
configure:6975: checking for strcasecmp
configure:7031: gcc -o conftest -g -O2 -W -Wall -std=c99 -pedantic   conftest.c  >&5
configure:7038: $? = 0
configure:7060: result: yes
configure:6975: checking for stricmp
configure:7031: gcc -o conftest -g -O2 -W -Wall -std=c99 -pedantic   conftest.c  >&5
/tmp/cc4psL7K.o: In function `main':
/home/nelson/Desktop/nasm/nasm-2.07/conftest.c:70: undefined reference to `stricmp'
collect2: error: ld returned 1 exit status
configure:7038: $? = 1
configure: failed program was:
| /* confdefs.h.  */
| #define PACKAGE_NAME ""
| #define PACKAGE_TARNAME ""
| #define PACKAGE_VERSION ""
| #define PACKAGE_STRING ""
| #define PACKAGE_BUGREPORT ""
| #define STDC_HEADERS 1
| #define HAVE_SYS_TYPES_H 1
| #define HAVE_SYS_STAT_H 1
| #define HAVE_STDLIB_H 1
| #define HAVE_STRING_H 1
| #define HAVE_MEMORY_H 1
| #define HAVE_STRINGS_H 1
| #define HAVE_INTTYPES_H 1
| #define HAVE_STDINT_H 1
| #define HAVE_UNISTD_H 1
| #define __EXTENSIONS__ 1
| #define _ALL_SOURCE 1
| #define _GNU_SOURCE 1
| #define _POSIX_PTHREAD_SEMANTICS 1
| #define _TANDEM_SOURCE 1
| #define STDC_HEADERS 1
| #define HAVE_LIMITS_H 1
| #define HAVE_INTTYPES_H 1
| #define HAVE_STRINGS_H 1
| #define HAVE_STDBOOL_H 1
| #define restrict __restrict
| #define HAVE_WORKING_BOOL 1
| #define WORDS_LITTLEENDIAN 1
| #define HAVE_STRCSPN 1
| #define HAVE_STRSPN 1
| #define HAVE_VSNPRINTF 1
| #define HAVE_SNPRINTF 1
| #define HAVE_STRCASECMP 1
| /* end confdefs.h.  */
| /* Define stricmp to an innocuous variant, in case <limits.h> declares stricmp.
|    For example, HP-UX 11i <limits.h> declares gettimeofday.  */
| #define stricmp innocuous_stricmp
| 
| /* System header to define __stub macros and hopefully few prototypes,
|     which can conflict with char stricmp (); below.
|     Prefer <limits.h> to <assert.h> if __STDC__ is defined, since
|     <limits.h> exists even on freestanding compilers.  */
| 
| #ifdef __STDC__
| # include <limits.h>
| #else
| # include <assert.h>
| #endif
| 
| #undef stricmp
| 
| /* Override any GCC internal prototype to avoid an error.
|    Use char because int might match the return type of a GCC
|    builtin and then its argument prototype would still apply.  */
| #ifdef __cplusplus
| extern "C"
| #endif
| char stricmp ();
| /* The GNU C library defines this for functions which it implements
|     to always fail with ENOSYS.  Some functions are actually named
|     something starting with __ and the normal name is an alias.  */
| #if defined __stub_stricmp || defined __stub___stricmp
| choke me
| #endif
| 
| int
| main ()
| {
| return stricmp ();
|   ;
|   return 0;
| }
configure:7060: result: no
configure:7077: checking for strncasecmp
configure:7133: gcc -o conftest -g -O2 -W -Wall -std=c99 -pedantic   conftest.c  >&5
configure:7140: $? = 0
configure:7162: result: yes
configure:7077: checking for strnicmp
configure:7133: gcc -o conftest -g -O2 -W -Wall -std=c99 -pedantic   conftest.c  >&5
/tmp/ccoh2lSV.o: In function `main':
/home/nelson/Desktop/nasm/nasm-2.07/conftest.c:71: undefined reference to `strnicmp'
collect2: error: ld returned 1 exit status
configure:7140: $? = 1
configure: failed program was:
| /* confdefs.h.  */
| #define PACKAGE_NAME ""
| #define PACKAGE_TARNAME ""
| #define PACKAGE_VERSION ""
| #define PACKAGE_STRING ""
| #define PACKAGE_BUGREPORT ""
| #define STDC_HEADERS 1
| #define HAVE_SYS_TYPES_H 1
| #define HAVE_SYS_STAT_H 1
| #define HAVE_STDLIB_H 1
| #define HAVE_STRING_H 1
| #define HAVE_MEMORY_H 1
| #define HAVE_STRINGS_H 1
| #define HAVE_INTTYPES_H 1
| #define HAVE_STDINT_H 1
| #define HAVE_UNISTD_H 1
| #define __EXTENSIONS__ 1
| #define _ALL_SOURCE 1
| #define _GNU_SOURCE 1
| #define _POSIX_PTHREAD_SEMANTICS 1
| #define _TANDEM_SOURCE 1
| #define STDC_HEADERS 1
| #define HAVE_LIMITS_H 1
| #define HAVE_INTTYPES_H 1
| #define HAVE_STRINGS_H 1
| #define HAVE_STDBOOL_H 1
| #define restrict __restrict
| #define HAVE_WORKING_BOOL 1
| #define WORDS_LITTLEENDIAN 1
| #define HAVE_STRCSPN 1
| #define HAVE_STRSPN 1
| #define HAVE_VSNPRINTF 1
| #define HAVE_SNPRINTF 1
| #define HAVE_STRCASECMP 1
| #define HAVE_STRNCASECMP 1
| /* end confdefs.h.  */
| /* Define strnicmp to an innocuous variant, in case <limits.h> declares strnicmp.
|    For example, HP-UX 11i <limits.h> declares gettimeofday.  */
| #define strnicmp innocuous_strnicmp
| 
| /* System header to define __stub macros and hopefully few prototypes,
|     which can conflict with char strnicmp (); below.
|     Prefer <limits.h> to <assert.h> if __STDC__ is defined, since
|     <limits.h> exists even on freestanding compilers.  */
| 
| #ifdef __STDC__
| # include <limits.h>
| #else
| # include <assert.h>
| #endif
| 
| #undef strnicmp
| 
| /* Override any GCC internal prototype to avoid an error.
|    Use char because int might match the return type of a GCC
|    builtin and then its argument prototype would still apply.  */
| #ifdef __cplusplus
| extern "C"
| #endif
| char strnicmp ();
| /* The GNU C library defines this for functions which it implements
|     to always fail with ENOSYS.  Some functions are actually named
|     something starting with __ and the normal name is an alias.  */
| #if defined __stub_strnicmp || defined __stub___strnicmp
| choke me
| #endif
| 
| int
| main ()
| {
| return strnicmp ();
|   ;
|   return 0;
| }
configure:7162: result: no
configure:7178: checking for strsep
configure:7234: gcc -o conftest -g -O2 -W -Wall -std=c99 -pedantic   conftest.c  >&5
configure:7241: $? = 0
configure:7263: result: yes
configure:7280: checking for getuid
configure:7336: gcc -o conftest -g -O2 -W -Wall -std=c99 -pedantic   conftest.c  >&5
configure:7343: $? = 0
configure:7365: result: yes
configure:7381: checking for getgid
configure:7437: gcc -o conftest -g -O2 -W -Wall -std=c99 -pedantic   conftest.c  >&5
configure:7444: $? = 0
configure:7466: result: yes
configure:7479: checking whether strcasecmp is declared
configure:7508: gcc -c -g -O2 -W -Wall -std=c99 -pedantic  conftest.c >&5
configure:7515: $? = 0
configure:7530: result: yes
configure:7548: checking whether stricmp is declared
configure:7577: gcc -c -g -O2 -W -Wall -std=c99 -pedantic  conftest.c >&5
conftest.c: In function 'main':
conftest.c:78:10: error: 'stricmp' undeclared (first use in this function)
   (void) stricmp;
          ^
conftest.c:78:10: note: each undeclared identifier is reported only once for each function it appears in
configure:7584: $? = 1
configure: failed program was:
| /* confdefs.h.  */
| #define PACKAGE_NAME ""
| #define PACKAGE_TARNAME ""
| #define PACKAGE_VERSION ""
| #define PACKAGE_STRING ""
| #define PACKAGE_BUGREPORT ""
| #define STDC_HEADERS 1
| #define HAVE_SYS_TYPES_H 1
| #define HAVE_SYS_STAT_H 1
| #define HAVE_STDLIB_H 1
| #define HAVE_STRING_H 1
| #define HAVE_MEMORY_H 1
| #define HAVE_STRINGS_H 1
| #define HAVE_INTTYPES_H 1
| #define HAVE_STDINT_H 1
| #define HAVE_UNISTD_H 1
| #define __EXTENSIONS__ 1
| #define _ALL_SOURCE 1
| #define _GNU_SOURCE 1
| #define _POSIX_PTHREAD_SEMANTICS 1
| #define _TANDEM_SOURCE 1
| #define STDC_HEADERS 1
| #define HAVE_LIMITS_H 1
| #define HAVE_INTTYPES_H 1
| #define HAVE_STRINGS_H 1
| #define HAVE_STDBOOL_H 1
| #define restrict __restrict
| #define HAVE_WORKING_BOOL 1
| #define WORDS_LITTLEENDIAN 1
| #define HAVE_STRCSPN 1
| #define HAVE_STRSPN 1
| #define HAVE_VSNPRINTF 1
| #define HAVE_SNPRINTF 1
| #define HAVE_STRCASECMP 1
| #define HAVE_STRNCASECMP 1
| #define HAVE_STRSEP 1
| #define HAVE_GETUID 1
| #define HAVE_GETGID 1
| #define HAVE_DECL_STRCASECMP 1
| /* end confdefs.h.  */
| #include <stdio.h>
| #ifdef HAVE_SYS_TYPES_H
| # include <sys/types.h>
| #endif
| #ifdef HAVE_SYS_STAT_H
| # include <sys/stat.h>
| #endif
| #ifdef STDC_HEADERS
| # include <stdlib.h>
| # include <stddef.h>
| #else
| # ifdef HAVE_STDLIB_H
| #  include <stdlib.h>
| # endif
| #endif
| #ifdef HAVE_STRING_H
| # if !defined STDC_HEADERS && defined HAVE_MEMORY_H
| #  include <memory.h>
| # endif
| # include <string.h>
| #endif
| #ifdef HAVE_STRINGS_H
| # include <strings.h>
| #endif
| #ifdef HAVE_INTTYPES_H
| # include <inttypes.h>
| #endif
| #ifdef HAVE_STDINT_H
| # include <stdint.h>
| #endif
| #ifdef HAVE_UNISTD_H
| # include <unistd.h>
| #endif
| int
| main ()
| {
| #ifndef stricmp
|   (void) stricmp;
| #endif
| 
|   ;
|   return 0;
| }
configure:7599: result: no
configure:7617: checking whether strncasecmp is declared
configure:7646: gcc -c -g -O2 -W -Wall -std=c99 -pedantic  conftest.c >&5
configure:7653: $? = 0
configure:7668: result: yes
configure:7686: checking whether strnicmp is declared
configure:7715: gcc -c -g -O2 -W -Wall -std=c99 -pedantic  conftest.c >&5
conftest.c: In function 'main':
conftest.c:80:10: error: 'strnicmp' undeclared (first use in this function)
   (void) strnicmp;
          ^
conftest.c:80:10: note: each undeclared identifier is reported only once for each function it appears in
configure:7722: $? = 1
configure: failed program was:
| /* confdefs.h.  */
| #define PACKAGE_NAME ""
| #define PACKAGE_TARNAME ""
| #define PACKAGE_VERSION ""
| #define PACKAGE_STRING ""
| #define PACKAGE_BUGREPORT ""
| #define STDC_HEADERS 1
| #define HAVE_SYS_TYPES_H 1
| #define HAVE_SYS_STAT_H 1
| #define HAVE_STDLIB_H 1
| #define HAVE_STRING_H 1
| #define HAVE_MEMORY_H 1
| #define HAVE_STRINGS_H 1
| #define HAVE_INTTYPES_H 1
| #define HAVE_STDINT_H 1
| #define HAVE_UNISTD_H 1
| #define __EXTENSIONS__ 1
| #define _ALL_SOURCE 1
| #define _GNU_SOURCE 1
| #define _POSIX_PTHREAD_SEMANTICS 1
| #define _TANDEM_SOURCE 1
| #define STDC_HEADERS 1
| #define HAVE_LIMITS_H 1
| #define HAVE_INTTYPES_H 1
| #define HAVE_STRINGS_H 1
| #define HAVE_STDBOOL_H 1
| #define restrict __restrict
| #define HAVE_WORKING_BOOL 1
| #define WORDS_LITTLEENDIAN 1
| #define HAVE_STRCSPN 1
| #define HAVE_STRSPN 1
| #define HAVE_VSNPRINTF 1
| #define HAVE_SNPRINTF 1
| #define HAVE_STRCASECMP 1
| #define HAVE_STRNCASECMP 1
| #define HAVE_STRSEP 1
| #define HAVE_GETUID 1
| #define HAVE_GETGID 1
| #define HAVE_DECL_STRCASECMP 1
| #define HAVE_DECL_STRICMP 0
| #define HAVE_DECL_STRNCASECMP 1
| /* end confdefs.h.  */
| #include <stdio.h>
| #ifdef HAVE_SYS_TYPES_H
| # include <sys/types.h>
| #endif
| #ifdef HAVE_SYS_STAT_H
| # include <sys/stat.h>
| #endif
| #ifdef STDC_HEADERS
| # include <stdlib.h>
| # include <stddef.h>
| #else
| # ifdef HAVE_STDLIB_H
| #  include <stdlib.h>
| # endif
| #endif
| #ifdef HAVE_STRING_H
| # if !defined STDC_HEADERS && defined HAVE_MEMORY_H
| #  include <memory.h>
| # endif
| # include <string.h>
| #endif
| #ifdef HAVE_STRINGS_H
| # include <strings.h>
| #endif
| #ifdef HAVE_INTTYPES_H
| # include <inttypes.h>
| #endif
| #ifdef HAVE_STDINT_H
| # include <stdint.h>
| #endif
| #ifdef HAVE_UNISTD_H
| # include <unistd.h>
| #endif
| int
| main ()
| {
| #ifndef strnicmp
|   (void) strnicmp;
| #endif
| 
|   ;
|   return 0;
| }
configure:7737: result: no
configure:7755: checking whether strsep is declared
configure:7784: gcc -c -g -O2 -W -Wall -std=c99 -pedantic  conftest.c >&5
configure:7791: $? = 0
configure:7806: result: yes
configure:7939: creating ./config.status

## ---------------------- ##
## Running config.status. ##
## ---------------------- ##

This file was extended by config.status, which was
generated by GNU Autoconf 2.63.  Invocation command line was

  CONFIG_FILES    = 
  CONFIG_HEADERS  = 
  CONFIG_LINKS    = 
  CONFIG_COMMANDS = 
  $ ./config.status 

on localhost

config.status:773: creating Makefile
config.status:773: creating rdoff/Makefile
config.status:773: creating doc/Makefile
config.status:773: creating config.h
config.status:1007: executing default-1 commands

## ---------------- ##
## Cache variables. ##
## ---------------- ##

ac_cv_c_bigendian=no
ac_cv_c_compiler_gnu=yes
ac_cv_c_const=yes
ac_cv_c_inline=inline
ac_cv_c_restrict=__restrict
ac_cv_env_CC_set=
ac_cv_env_CC_value=
ac_cv_env_CFLAGS_set=
ac_cv_env_CFLAGS_value=
ac_cv_env_CPPFLAGS_set=
ac_cv_env_CPPFLAGS_value=
ac_cv_env_CPP_set=
ac_cv_env_CPP_value=
ac_cv_env_LDFLAGS_set=
ac_cv_env_LDFLAGS_value=
ac_cv_env_LIBS_set=
ac_cv_env_LIBS_value=
ac_cv_env_build_alias_set=
ac_cv_env_build_alias_value=
ac_cv_env_host_alias_set=
ac_cv_env_host_alias_value=
ac_cv_env_target_alias_set=
ac_cv_env_target_alias_value=
ac_cv_func__snprintf=no
ac_cv_func__vsnprintf=no
ac_cv_func_getgid=yes
ac_cv_func_getuid=yes
ac_cv_func_snprintf=yes
ac_cv_func_strcasecmp=yes
ac_cv_func_strcspn=yes
ac_cv_func_stricmp=no
ac_cv_func_strncasecmp=yes
ac_cv_func_strnicmp=no
ac_cv_func_strsep=yes
ac_cv_func_strspn=yes
ac_cv_func_vsnprintf=yes
ac_cv_have_decl_strcasecmp=yes
ac_cv_have_decl_stricmp=no
ac_cv_have_decl_strncasecmp=yes
ac_cv_have_decl_strnicmp=no
ac_cv_have_decl_strsep=yes
ac_cv_header_inttypes_h=yes
ac_cv_header_limits_h=yes
ac_cv_header_memory_h=yes
ac_cv_header_minix_config_h=no
ac_cv_header_stdbool_h=yes
ac_cv_header_stdc=yes
ac_cv_header_stdint_h=yes
ac_cv_header_stdlib_h=yes
ac_cv_header_string_h=yes
ac_cv_header_strings_h=yes
ac_cv_header_sys_stat_h=yes
ac_cv_header_sys_types_h=yes
ac_cv_header_unistd_h=yes
ac_cv_objext=o
ac_cv_path_EGREP='/bin/grep -E'
ac_cv_path_GREP=/bin/grep
ac_cv_path_ac_prefix_program=/usr/bin/nasm
ac_cv_path_install='/usr/bin/install -c'
ac_cv_prog_CPP='gcc -E'
ac_cv_prog_NROFF=nroff
ac_cv_prog_PS2PDF=ps2pdf
ac_cv_prog_ac_ct_CC=gcc
ac_cv_prog_cc_c89=
ac_cv_prog_cc_g=yes
ac_cv_prog_make_make_set=yes
ac_cv_prog_make_vpathok=yes
ac_cv_safe_to_define___extensions__=yes
ac_cv_type_size_t=yes

## ----------------- ##
## Output variables. ##
## ----------------- ##

ACRODIST='false'
CC='gcc'
CFLAGS='-g -O2 -W -Wall -std=c99 -pedantic'
CPP='gcc -E'
CPPFLAGS=''
DEFS='-DHAVE_CONFIG_H'
ECHO_C=''
ECHO_N='-n'
ECHO_T=''
EGREP='/bin/grep -E'
EXEEXT=''
GREP='/bin/grep'
INSTALL_DATA='${INSTALL} -m 644'
INSTALL_PROGRAM='${INSTALL}'
INSTALL_SCRIPT='${INSTALL}'
LDFLAGS=''
LIBOBJS=''
LIBS=''
LN_S='ln -s'
LTLIBOBJS=''
NROFF='nroff'
OBJEXT='o'
PACKAGE_BUGREPORT=''
PACKAGE_NAME=''
PACKAGE_STRING=''
PACKAGE_TARNAME=''
PACKAGE_VERSION=''
PATH_SEPARATOR=':'
PS2PDF='ps2pdf'
PSTOPDF='false'
SET_MAKE=''
SHELL='/bin/bash'
XOBJS=''
ac_ct_CC='gcc'
ac_prefix_program='/usr/bin/nasm'
bindir='${exec_prefix}/bin'
build_alias=''
datadir='${datarootdir}'
datarootdir='${prefix}/share'
docdir='${datarootdir}/doc/${PACKAGE}'
dvidir='${docdir}'
exec_prefix='${prefix}'
host_alias=''
htmldir='${docdir}'
includedir='${prefix}/include'
infodir='${datarootdir}/info'
libdir='${exec_prefix}/lib'
libexecdir='${exec_prefix}/libexec'
localedir='${datarootdir}/locale'
localstatedir='${prefix}/var'
mandir='${datarootdir}/man'
oldincludedir='/usr/include'
pdfdir='${docdir}'
prefix='/usr'
program_transform_name='s,x,x,'
psdir='${docdir}'
sbindir='${exec_prefix}/sbin'
sharedstatedir='${prefix}/com'
sysconfdir='${prefix}/etc'
target_alias=''

## ----------- ##
## confdefs.h. ##
## ----------- ##

#define PACKAGE_NAME ""
#define PACKAGE_TARNAME ""
#define PACKAGE_VERSION ""
#define PACKAGE_STRING ""
#define PACKAGE_BUGREPORT ""
#define STDC_HEADERS 1
#define HAVE_SYS_TYPES_H 1
#define HAVE_SYS_STAT_H 1
#define HAVE_STDLIB_H 1
#define HAVE_STRING_H 1
#define HAVE_MEMORY_H 1
#define HAVE_STRINGS_H 1
#define HAVE_INTTYPES_H 1
#define HAVE_STDINT_H 1
#define HAVE_UNISTD_H 1
#define __EXTENSIONS__ 1
#define _ALL_SOURCE 1
#define _GNU_SOURCE 1
#define _POSIX_PTHREAD_SEMANTICS 1
#define _TANDEM_SOURCE 1
#define STDC_HEADERS 1
#define HAVE_LIMITS_H 1
#define HAVE_INTTYPES_H 1
#define HAVE_STRINGS_H 1
#define HAVE_STDBOOL_H 1
#define restrict __restrict
#define HAVE_WORKING_BOOL 1
#define WORDS_LITTLEENDIAN 1
#define HAVE_STRCSPN 1
#define HAVE_STRSPN 1
#define HAVE_VSNPRINTF 1
#define HAVE_SNPRINTF 1
#define HAVE_STRCASECMP 1
#define HAVE_STRNCASECMP 1
#define HAVE_STRSEP 1
#define HAVE_GETUID 1
#define HAVE_GETGID 1
#define HAVE_DECL_STRCASECMP 1
#define HAVE_DECL_STRICMP 0
#define HAVE_DECL_STRNCASECMP 1
#define HAVE_DECL_STRNICMP 0
#define HAVE_DECL_STRSEP 1

configure: exit 0
